0 info it worked if it ends with ok
1 verbose cli [ 'C:\\Program Files\\nodejs\\node.exe',
1 verbose cli   'C:\\Program Files\\nodejs\\node_modules\\npm\\bin\\npm-cli.js',
1 verbose cli   'run',
1 verbose cli   'compile' ]
2 info using npm@3.10.10
3 info using node@v6.11.2
4 verbose run-script [ 'precompile', 'compile', 'postcompile' ]
5 info lifecycle jm@1.0.0~precompile: jm@1.0.0
6 silly lifecycle jm@1.0.0~precompile: no script for precompile, continuing
7 info lifecycle jm@1.0.0~compile: jm@1.0.0
8 verbose lifecycle jm@1.0.0~compile: unsafe-perm in lifecycle true
9 verbose lifecycle jm@1.0.0~compile: PATH: C:\Program Files\nodejs\node_modules\npm\bin\node-gyp-bin;C:\Users\austi\Documents\mystuff\spotify\jm\node_modules\.bin;C:\Program Files\Microsoft MPI\Bin\;C:\Program Files\Microsoft MPI\Bin\;C:\Program Files\Microsoft MPI\Bin\;C:\WINDOWS\System32;%appdata%\Composer\vendor\bin;C:\xampp\php;C:\ProgramData\ComposerSetup\bin;C:\Program Files\nodejs;C:\Program Files\dotnet\;C:\WINDOWS\system32;C:\WINDOWS;C:\WINDOWS\System32\Wbem;C:\WINDOWS\System32\WindowsPowerShell\v1.0\;C:\HashiCorp\Vagrant\bin;C:\Program Files\MongoDB\Server\3.4\bin\;C:\Program Files\nodejs\;C:\Program Files\Java\jdk1.8.0_112\bin;C:\Users\austi\AppData\Local\Android\sdk\tools\bin;C:\Users\austi\AppData\Local\Android\sdk\platform-tools;C:\Program Files\Microsoft SQL Server\130\Tools\Binn\;C:\Program Files\R\R-3.4.2\bin\x64;;%appdata%\Composer\vendor\bin;C:\xampp\php;C:\ProgramData\ComposerSetup\bin;C:\Program Files\nodejs;C:\Program Files\dotnet\;C:\WINDOWS\system32;C:\WINDOWS;C:\WINDOWS\System32\Wbem;C:\WINDOWS\System32\WindowsPowerShell\v1.0\;C:\HashiCorp\Vagrant\bin;C:\Program Files\MongoDB\Server\3.4\bin\;C:\Program Files\nodejs\;C:\Program Files\Java\jdk1.8.0_112\bin;C:\Users\austi\AppData\Local\Android\sdk\tools\bin;C:\Users\austi\AppData\Local\Android\sdk\platform-tools;C:\Program Files\Microsoft SQL Server\130\Tools\Binn\;C:\Program Files\R\R-3.4.2\bin\x64;;%appdata%\Composer\vendor\bin;C:\xampp\php;C:\ProgramData\ComposerSetup\bin;C:\Program Files\nodejs;C:\Program Files\dotnet\;C:\WINDOWS\system32;C:\WINDOWS;C:\WINDOWS\System32\Wbem;C:\WINDOWS\System32\WindowsPowerShell\v1.0\;C:\HashiCorp\Vagrant\bin;C:\Program Files\MongoDB\Server\3.4\bin\;C:\Program Files\nodejs\;C:\Program Files\Java\jdk1.8.0_112\bin;C:\Users\austi\AppData\Local\Android\sdk\tools\bin;C:\Users\austi\AppData\Local\Android\sdk\platform-tools;C:\Program Files\Microsoft SQL Server\130\Tools\Binn\;C:\Program Files\R\R-3.4.2\bin\x64;C:\Users\austi\Anaconda3;C:\Users\austi\Anaconda3\Scripts;C:\Users\austi\Anaconda3\Library\bin;C:\Users\austi\AppData\Local\Microsoft\WindowsApps;C:\Users\austi\AppData\Local\atom\bin;C:\Users\austi\AppData\Local\Programs\Python\Python35-32;C:\Users\austi\AppData\Local\Programs\Python\Python35-32\Scripts;C:\Program Files\R\R-3.3.2\bin\x64;C:\Users\austi\PythonScripts;C:\xampp\mysql\bin;C:\Users\austi\AppData\Roaming\Python\Python35\Scripts;C:\ProgramData\ComposerSetup\bin;C:\Program Files\Git\;C:\Program Files\Git\bin;C:\Users\austi\AppData\Local\Microsoft\WindowsApps;C:\Users\austi\Downloads\nvim-win64\Neovim\bin;C:\Users\austi\AppData\Roaming\npm;C:\Program Files\Apache\maven\apache-maven-3.5.0\bin;C:\Program Files\Microsoft VS Code\bin;
10 verbose lifecycle jm@1.0.0~compile: CWD: C:\Users\austi\Documents\mystuff\spotify\jm
11 silly lifecycle jm@1.0.0~compile: Args: [ '/d /s /c', 'webpack' ]
12 silly lifecycle jm@1.0.0~compile: Returned: code: 2  signal: null
13 info lifecycle jm@1.0.0~compile: Failed to exec compile script
14 verbose stack Error: jm@1.0.0 compile: `webpack`
14 verbose stack Exit status 2
14 verbose stack     at EventEmitter.<anonymous> (C:\Program Files\nodejs\node_modules\npm\lib\utils\lifecycle.js:255:16)
14 verbose stack     at emitTwo (events.js:106:13)
14 verbose stack     at EventEmitter.emit (events.js:191:7)
14 verbose stack     at ChildProcess.<anonymous> (C:\Program Files\nodejs\node_modules\npm\lib\utils\spawn.js:40:14)
14 verbose stack     at emitTwo (events.js:106:13)
14 verbose stack     at ChildProcess.emit (events.js:191:7)
14 verbose stack     at maybeClose (internal/child_process.js:891:16)
14 verbose stack     at Process.ChildProcess._handle.onexit (internal/child_process.js:226:5)
15 verbose pkgid jm@1.0.0
16 verbose cwd C:\Users\austi\Documents\mystuff\spotify\jm
17 error Windows_NT 10.0.16299
18 error argv "C:\\Program Files\\nodejs\\node.exe" "C:\\Program Files\\nodejs\\node_modules\\npm\\bin\\npm-cli.js" "run" "compile"
19 error node v6.11.2
20 error npm  v3.10.10
21 error code ELIFECYCLE
22 error jm@1.0.0 compile: `webpack`
22 error Exit status 2
23 error Failed at the jm@1.0.0 compile script 'webpack'.
23 error Make sure you have the latest version of node.js and npm installed.
23 error If you do, this is most likely a problem with the jm package,
23 error not with npm itself.
23 error Tell the author that this fails on your system:
23 error     webpack
23 error You can get information on how to open an issue for this project with:
23 error     npm bugs jm
23 error Or if that isn't available, you can get their info via:
23 error     npm owner ls jm
23 error There is likely additional logging output above.
24 verbose exit [ 1, true ]
